<?xml version="1.0" encoding="UTF-8"?>
<testsuite name="me.kyungsoolee.springbootdeveloper.TestControllerTest" tests="1" skipped="0" failures="0" errors="0" timestamp="2023-07-17T10:52:54" hostname="MacBook-Pro-K.local" time="0.629">
  <properties/>
  <testcase name="getAllMembers: 아티클 조회에 성공한다." classname="me.kyungsoolee.springbootdeveloper.TestControllerTest" time="0.629"/>
  <system-out><![CDATA[19:52:48.360 [Test worker] DEBUG org.springframework.boot.test.context.SpringBootTestContextBootstrapper - Neither @ContextConfiguration nor @ContextHierarchy found for test class [TestControllerTest]: using SpringBootContextLoader
19:52:48.367 [Test worker] DEBUG org.springframework.test.context.support.AbstractContextLoader - Could not detect default resource locations for test class [me.kyungsoolee.springbootdeveloper.TestControllerTest]: no resource found for suffixes {-context.xml, Context.groovy}.
19:52:48.368 [Test worker] INFO org.springframework.test.context.support.AnnotationConfigContextLoaderUtils - Could not detect default configuration classes for test class [me.kyungsoolee.springbootdeveloper.TestControllerTest]: TestControllerTest does not declare any static, non-private, non-final, nested classes annotated with @Configuration.
19:52:48.432 [Test worker] DEBUG org.springframework.boot.test.context.SpringBootTestContextBootstrapper - Using ContextCustomizers for test class [TestControllerTest]: [DisableObservabilityContextCustomizer, PropertyMappingContextCustomizer, Customizer, ImportsContextCustomizer, ExcludeFilterContextCustomizer, DuplicateJsonObjectContextCustomizer, MockitoContextCustomizer, TestRestTemplateContextCustomizer]
19:52:48.565 [Test worker] DEBUG org.springframework.context.annotation.ClassPathScanningCandidateComponentProvider - Identified candidate component class: file [/Users/kyungsoolee/Git Repositories/springboot-developer/springboot-developer/build/classes/java/main/me/kyungsoolee/springbootdeveloper/SpringBootDeveloperApplication.class]
19:52:48.607 [Test worker] INFO org.springframework.boot.test.context.SpringBootTestContextBootstrapper - Found @SpringBootConfiguration me.kyungsoolee.springbootdeveloper.SpringBootDeveloperApplication for test class me.kyungsoolee.springbootdeveloper.TestControllerTest
19:52:48.725 [Test worker] DEBUG org.springframework.boot.test.context.SpringBootTestContextBootstrapper - Using TestExecutionListeners for test class [TestControllerTest]: [ServletTestExecutionListener, DirtiesContextBeforeModesTestExecutionListener, ApplicationEventsTestExecutionListener, MockitoTestExecutionListener, DependencyInjectionTestExecutionListener, DirtiesContextTestExecutionListener, TransactionalTestExecutionListener, SqlScriptsTestExecutionListener, EventPublishingTestExecutionListener, RestDocsTestExecutionListener, MockRestServiceServerResetTestExecutionListener, MockMvcPrintOnlyOnFailureTestExecutionListener, WebDriverTestExecutionListener, MockWebServiceServerTestExecutionListener, ResetMocksTestExecutionListener]
19:52:48.727 [Test worker] DEBUG org.springframework.test.context.support.AbstractDirtiesContextTestExecutionListener - Before test class: class [TestControllerTest], class annotated with @DirtiesContext [false] with mode [null]

  .   ____          _            __ _ _
 /\\ / ___'_ __ _ _(_)_ __  __ _ \ \ \ \
( ( )\___ | '_ | '_| | '_ \/ _` | \ \ \ \
 \\/  ___)| |_)| | | | | || (_| |  ) ) ) )
  '  |____| .__|_| |_|_| |_\__, | / / / /
 =========|_|==============|___/=/_/_/_/
 :: Spring Boot ::                (v3.0.2)

2023-07-17T19:52:49.289+09:00  INFO 31502 --- [    Test worker] m.k.s.TestControllerTest                 : Starting TestControllerTest using Java 17.0.7 with PID 31502 (started by kyungsoolee in /Users/kyungsoolee/Git Repositories/springboot-developer/springboot-developer)
2023-07-17T19:52:49.296+09:00  INFO 31502 --- [    Test worker] m.k.s.TestControllerTest                 : No active profile set, falling back to 1 default profile: "default"
2023-07-17T19:52:50.559+09:00  INFO 31502 --- [    Test worker] .s.d.r.c.RepositoryConfigurationDelegate : Bootstrapping Spring Data JPA repositories in DEFAULT mode.
2023-07-17T19:52:50.647+09:00  INFO 31502 --- [    Test worker] .s.d.r.c.RepositoryConfigurationDelegate : Finished Spring Data repository scanning in 79 ms. Found 1 JPA repository interfaces.
2023-07-17T19:52:51.446+09:00  INFO 31502 --- [    Test worker] com.zaxxer.hikari.HikariDataSource       : HikariPool-1 - Starting...
2023-07-17T19:52:51.623+09:00  INFO 31502 --- [    Test worker] com.zaxxer.hikari.pool.HikariPool        : HikariPool-1 - Added connection conn0: url=jdbc:h2:mem:3eafd53c-a371-4f91-aad4-b5d4e5d4b8fd user=SA
2023-07-17T19:52:51.626+09:00  INFO 31502 --- [    Test worker] com.zaxxer.hikari.HikariDataSource       : HikariPool-1 - Start completed.
2023-07-17T19:52:51.734+09:00  INFO 31502 --- [    Test worker] o.hibernate.jpa.internal.util.LogHelper  : HHH000204: Processing PersistenceUnitInfo [name: default]
2023-07-17T19:52:51.787+09:00  INFO 31502 --- [    Test worker] org.hibernate.Version                    : HHH000412: Hibernate ORM core version 6.1.6.Final
2023-07-17T19:52:52.026+09:00  WARN 31502 --- [    Test worker] org.hibernate.orm.deprecation            : HHH90000021: Encountered deprecated setting [javax.persistence.sharedCache.mode], use [jakarta.persistence.sharedCache.mode] instead
2023-07-17T19:52:52.175+09:00  INFO 31502 --- [    Test worker] SQL dialect                              : HHH000400: Using dialect: org.hibernate.dialect.H2Dialect
Hibernate: 
    
    drop table if exists member cascade 
Hibernate: 
    
    create table member (
       id bigint generated by default as identity,
        name varchar(255) not null,
        primary key (id)
    )
2023-07-17T19:52:52.963+09:00  INFO 31502 --- [    Test worker] o.h.e.t.j.p.i.JtaPlatformInitiator       : HHH000490: Using JtaPlatform implementation: [org.hibernate.engine.transaction.jta.platform.internal.NoJtaPlatform]
2023-07-17T19:52:52.971+09:00  INFO 31502 --- [    Test worker] j.LocalContainerEntityManagerFactoryBean : Initialized JPA EntityManagerFactory for persistence unit 'default'
2023-07-17T19:52:53.684+09:00  WARN 31502 --- [    Test worker] JpaBaseConfiguration$JpaWebConfiguration : spring.jpa.open-in-view is enabled by default. Therefore, database queries may be performed during view rendering. Explicitly configure spring.jpa.open-in-view to disable this warning
2023-07-17T19:52:54.325+09:00  INFO 31502 --- [    Test worker] o.s.b.t.m.w.SpringBootMockServletContext : Initializing Spring TestDispatcherServlet ''
2023-07-17T19:52:54.326+09:00  INFO 31502 --- [    Test worker] o.s.t.web.servlet.TestDispatcherServlet  : Initializing Servlet ''
2023-07-17T19:52:54.335+09:00  INFO 31502 --- [    Test worker] o.s.t.web.servlet.TestDispatcherServlet  : Completed initialization in 1 ms
2023-07-17T19:52:54.385+09:00  INFO 31502 --- [    Test worker] m.k.s.TestControllerTest                 : Started TestControllerTest in 5.595 seconds (process running for 7.345)
2023-07-17T19:52:54.642+09:00  INFO 31502 --- [    Test worker] o.s.b.t.m.w.SpringBootMockServletContext : Initializing Spring TestDispatcherServlet ''
2023-07-17T19:52:54.642+09:00  INFO 31502 --- [    Test worker] o.s.t.web.servlet.TestDispatcherServlet  : Initializing Servlet ''
2023-07-17T19:52:54.644+09:00  INFO 31502 --- [    Test worker] o.s.t.web.servlet.TestDispatcherServlet  : Completed initialization in 0 ms
Hibernate: 
    select
        m1_0.id,
        m1_0.name 
    from
        member m1_0 
    where
        m1_0.id=?
Hibernate: 
    update
        member 
    set
        name=? 
    where
        id=?
Hibernate: 
    select
        m1_0.id,
        m1_0.name 
    from
        member m1_0
Hibernate: 
    select
        m1_0.id,
        m1_0.name 
    from
        member m1_0
Hibernate: 
    delete 
    from
        member 
    where
        id=?
Hibernate: 
    delete 
    from
        member 
    where
        id=?
Hibernate: 
    delete 
    from
        member 
    where
        id=?
]]></system-out>
  <system-err><![CDATA[]]></system-err>
</testsuite>
